<?xml version="1.0" encoding="UTF-8"?>
<!-- Generated by org.testng.reporters.JUnitReportReporter -->
<testsuite hostname="ATMECSINDT-027" name="com.ondot.automation.TestDemo.testscript.registervaliduser.Test_RegisterValidUser" tests="3" failures="0" timestamp="28 Sep 2017 13:49:32 GMT" time="4.737" errors="0">
  <testcase name="test_register_valid_user" time="1.047" classname="com.ondot.automation.TestDemo.testscript.registervaliduser.Test_RegisterValidUser"/>
  <testcase name="test_register_valid_user" time="1.235" classname="com.ondot.automation.TestDemo.testscript.registervaliduser.Test_RegisterValidUser"/>
  <testcase name="test_register_valid_user" time="2.455" classname="com.ondot.automation.TestDemo.testscript.registervaliduser.Test_RegisterValidUser"/>
</testsuite> <!-- com.ondot.automation.TestDemo.testscript.registervaliduser.Test_RegisterValidUser -->
