<?xml version="1.0" encoding="UTF-8"?>
<!-- Generated by org.testng.reporters.JUnitReportReporter -->
<testsuite hostname="ATMECSINDT-027" name="com.ondot.automation.TestDemo.testscript.getappinfo.Test_GetAppInfo" tests="2" failures="0" timestamp="28 Sep 2017 12:19:46 GMT" time="3.296" errors="0">
  <testcase name="test_get_app_info" time="0.985" classname="com.ondot.automation.TestDemo.testscript.getappinfo.Test_GetAppInfo"/>
  <testcase name="test_get_app_info" time="2.311" classname="com.ondot.automation.TestDemo.testscript.getappinfo.Test_GetAppInfo"/>
</testsuite> <!-- com.ondot.automation.TestDemo.testscript.getappinfo.Test_GetAppInfo -->
