<?xml version="1.0" encoding="UTF-8"?>
<!-- Generated by org.testng.reporters.JUnitReportReporter -->
<testsuite hostname="ATMECSINDT-027" name="com.ondot.automation.TestDemo.testscript.getappinfo.Test_GetAppInfo_WrongFIToken" tests="2" failures="0" timestamp="28 Sep 2017 12:19:46 GMT" time="1.891" errors="0">
  <testcase name="test_get_app_info_wrongfitoken" time="0.930" classname="com.ondot.automation.TestDemo.testscript.getappinfo.Test_GetAppInfo_WrongFIToken"/>
  <testcase name="test_get_app_info_wrongfitoken" time="0.961" classname="com.ondot.automation.TestDemo.testscript.getappinfo.Test_GetAppInfo_WrongFIToken"/>
</testsuite> <!-- com.ondot.automation.TestDemo.testscript.getappinfo.Test_GetAppInfo_WrongFIToken -->
