<?xml version="1.0" encoding="UTF-8"?>
<!-- Generated by org.testng.reporters.JUnitReportReporter -->
<testsuite hostname="ATMECSINDT-027" name="com.ondot.automation.TestDemo.testscript.Test_RegisterValidUser" tests="1" failures="0" timestamp="28 Sep 2017 08:04:06 GMT" time="2.615" errors="0">
  <testcase name="testScenario1" time="2.615" classname="com.ondot.automation.TestDemo.testscript.Test_RegisterValidUser"/>
</testsuite> <!-- com.ondot.automation.TestDemo.testscript.Test_RegisterValidUser -->
