<?xml version="1.0" encoding="UTF-8"?>
<!-- Generated by org.testng.reporters.JUnitReportReporter -->
<testsuite hostname="ATMECSINDT-027" name="com.ondot.automation.TestDemo.testscript.Test_Create_Session_WrongFIToken" tests="3" failures="0" timestamp="28 Sep 2017 07:46:32 GMT" time="2.864" errors="0">
  <testcase name="loginTestCall" time="0.957" classname="com.ondot.automation.TestDemo.testscript.Test_Create_Session_WrongFIToken"/>
  <testcase name="loginTestCall" time="0.951" classname="com.ondot.automation.TestDemo.testscript.Test_Create_Session_WrongFIToken"/>
  <testcase name="loginTestCall" time="0.956" classname="com.ondot.automation.TestDemo.testscript.Test_Create_Session_WrongFIToken"/>
</testsuite> <!-- com.ondot.automation.TestDemo.testscript.Test_Create_Session_WrongFIToken -->
