<?xml version="1.0" encoding="UTF-8"?>
<!-- Generated by org.testng.reporters.JUnitReportReporter -->
<testsuite hostname="ATMECSINDT-027" name="com.ondot.automation.TestDemo.testscript.Test_Create_Session" tests="3" failures="0" timestamp="28 Sep 2017 07:46:32 GMT" time="4.208" errors="0">
  <testcase name="loginTestCall" time="1.007" classname="com.ondot.automation.TestDemo.testscript.Test_Create_Session"/>
  <testcase name="loginTestCall" time="0.935" classname="com.ondot.automation.TestDemo.testscript.Test_Create_Session"/>
  <testcase name="loginTestCall" time="2.266" classname="com.ondot.automation.TestDemo.testscript.Test_Create_Session"/>
</testsuite> <!-- com.ondot.automation.TestDemo.testscript.Test_Create_Session -->
