<?xml version="1.0" encoding="UTF-8"?>
<!-- Generated by org.testng.reporters.JUnitReportReporter -->
<testsuite hostname="ATMECSINDT-027" name="com.ondot.automation.TestDemo.testscript.registervaliduser.Test_RegisterValidUser_WrongFIToken" tests="3" failures="0" timestamp="28 Sep 2017 13:49:32 GMT" time="3.295" errors="0">
  <testcase name="testfitoken" time="1.163" classname="com.ondot.automation.TestDemo.testscript.registervaliduser.Test_RegisterValidUser_WrongFIToken"/>
  <testcase name="testfitoken" time="0.933" classname="com.ondot.automation.TestDemo.testscript.registervaliduser.Test_RegisterValidUser_WrongFIToken"/>
  <testcase name="testfitoken" time="1.199" classname="com.ondot.automation.TestDemo.testscript.registervaliduser.Test_RegisterValidUser_WrongFIToken"/>
</testsuite> <!-- com.ondot.automation.TestDemo.testscript.registervaliduser.Test_RegisterValidUser_WrongFIToken -->
