<?xml version="1.0" encoding="UTF-8"?>
<!-- Generated by org.testng.reporters.JUnitReportReporter -->
<testsuite hostname="ATMECSINDT-027" name="com.ondot.automation.TestDemo.testscript.Test_Create_Session_WrongAppToken" tests="3" failures="0" timestamp="28 Sep 2017 07:46:32 GMT" time="3.119" errors="0">
  <testcase name="createsessionTest" time="0.997" classname="com.ondot.automation.TestDemo.testscript.Test_Create_Session_WrongAppToken"/>
  <testcase name="createsessionTest" time="0.949" classname="com.ondot.automation.TestDemo.testscript.Test_Create_Session_WrongAppToken"/>
  <testcase name="createsessionTest" time="1.173" classname="com.ondot.automation.TestDemo.testscript.Test_Create_Session_WrongAppToken"/>
</testsuite> <!-- com.ondot.automation.TestDemo.testscript.Test_Create_Session_WrongAppToken -->
