<?xml version="1.0" encoding="UTF-8"?>
<!-- Generated by org.testng.reporters.JUnitReportReporter -->
<testsuite hostname="ATMECSINDT-027" name="com.ondot.automation.TestDemo.testscript.Test_Create_Session_Wrong_AppToken" tests="3" failures="0" timestamp="28 Sep 2017 07:26:30 GMT" time="4.632" errors="0">
  <testcase name="createsessionTest" time="0.993" classname="com.ondot.automation.TestDemo.testscript.Test_Create_Session_Wrong_AppToken"/>
  <testcase name="createsessionTest" time="0.992" classname="com.ondot.automation.TestDemo.testscript.Test_Create_Session_Wrong_AppToken"/>
  <testcase name="createsessionTest" time="2.647" classname="com.ondot.automation.TestDemo.testscript.Test_Create_Session_Wrong_AppToken"/>
</testsuite> <!-- com.ondot.automation.TestDemo.testscript.Test_Create_Session_Wrong_AppToken -->
