<?xml version="1.0" encoding="UTF-8"?>
<!-- Generated by org.testng.reporters.JUnitReportReporter -->
<testsuite hostname="ATMECSINDT-027" name="com.ondot.automation.TestDemo.testscript.registervaliduser.Test_RegisterValidUser_WrongAppToken" tests="3" failures="0" timestamp="28 Sep 2017 13:49:32 GMT" time="3.098" errors="0">
  <testcase name="testregister_valid_user_wrongapptoken" time="0.954" classname="com.ondot.automation.TestDemo.testscript.registervaliduser.Test_RegisterValidUser_WrongAppToken"/>
  <testcase name="testregister_valid_user_wrongapptoken" time="1.195" classname="com.ondot.automation.TestDemo.testscript.registervaliduser.Test_RegisterValidUser_WrongAppToken"/>
  <testcase name="testregister_valid_user_wrongapptoken" time="0.949" classname="com.ondot.automation.TestDemo.testscript.registervaliduser.Test_RegisterValidUser_WrongAppToken"/>
</testsuite> <!-- com.ondot.automation.TestDemo.testscript.registervaliduser.Test_RegisterValidUser_WrongAppToken -->
